{"/Users/ianmccurry/Documents/csc307-react-app/Testing_folder/maths.js": {"path":"/Users/ianmccurry/Documents/csc307-react-app/Testing_folder/maths.js","statementMap":{"0":{"start":{"line":3,"column":4},"end":{"line":3,"column":17}},"1":{"start":{"line":9,"column":4},"end":{"line":9,"column":17}},"2":{"start":{"line":15,"column":4},"end":{"line":21,"column":5}},"3":{"start":{"line":15,"column":17},"end":{"line":15,"column":18}},"4":{"start":{"line":17,"column":5},"end":{"line":19,"column":18}},"5":{"start":{"line":19,"column":6},"end":{"line":19,"column":18}},"6":{"start":{"line":23,"column":4},"end":{"line":23,"column":17}},"7":{"start":{"line":27,"column":2},"end":{"line":27,"column":24}},"8":{"start":{"line":29,"column":2},"end":{"line":29,"column":24}},"9":{"start":{"line":31,"column":2},"end":{"line":31,"column":44}}},"fnMap":{"0":{"name":"mySum","decl":{"start":{"line":1,"column":11},"end":{"line":1,"column":16}},"loc":{"start":{"line":1,"column":23},"end":{"line":5,"column":3}},"line":1},"1":{"name":"myDiv","decl":{"start":{"line":7,"column":11},"end":{"line":7,"column":16}},"loc":{"start":{"line":7,"column":23},"end":{"line":11,"column":3}},"line":7},"2":{"name":"containsNumbers","decl":{"start":{"line":13,"column":11},"end":{"line":13,"column":26}},"loc":{"start":{"line":13,"column":32},"end":{"line":25,"column":3}},"line":13}},"branchMap":{"0":{"loc":{"start":{"line":17,"column":5},"end":{"line":19,"column":18}},"type":"if","locations":[{"start":{"line":17,"column":5},"end":{"line":19,"column":18}},{"start":{},"end":{}}],"line":17}},"s":{"0":1,"1":0,"2":1,"3":1,"4":8,"5":1,"6":0,"7":1,"8":1,"9":1},"f":{"0":1,"1":0,"2":1},"b":{"0":[1,7]},"_coverageSchema":"1a1c01bbd47fc00a2c39e90264f33305004495a9","hash":"de5ffe0b060e5f4043585645e09b2dc6ced24662"}
}
